<?xml version="1.0" encoding="UTF-8"?>
<!-- Generated by org.testng.reporters.JUnitReportReporter -->
<testsuite skipped="0" hostname="MBA020423.local" name="testrunner.CMPlusWebTestRunner" tests="1" failures="1" timestamp="2022-08-12T17:12:40 ICT" time="6.239" errors="0">
  <testcase name="runScenario" time="6.239" classname="testrunner.CMPlusWebTestRunner">
    <failure type="java.lang.AssertionError" message="Demo Page is not displayed expected [true] but found [false]">
      <![CDATA[java.lang.AssertionError: Demo Page is not displayed expected [true] but found [false]
at org.testng.Assert.fail(Assert.java:99)
at org.testng.Assert.failNotEquals(Assert.java:1037)
at org.testng.Assert.assertTrue(Assert.java:45)
at stepdefs.DemoDefinitions._init_$lambda-1(DemoDefinitions.kt:18)
at ✽.Move to Demo page screen successfully(file:///Users/hung.nguyen3/AutoAppium/IdeaProjects/KentAutoPR/KT/src/test/resources/features/DemoTest.feature:6)
]]>
    </failure>
  </testcase> <!-- runScenario -->
  <system-out/>
</testsuite> <!-- testrunner.CMPlusWebTestRunner -->
