<?xml version="1.0" encoding="UTF-8"?>
<testng-results skipped="0" failed="0" ignored="0" total="1" passed="1">
  <reporter-output>
  </reporter-output>
  <suite name="Suite default" duration-ms="12197" started-at="2022-08-10T09:36:55 ICT" finished-at="2022-08-10T09:37:07 ICT">
    <groups>
      <group name="cucumber">
        <method signature="AbstractTestNGCucumberTests.runScenario(io.cucumber.testng.PickleWrapper,io.cucumber.testng.FeatureWrapper)[pri:0, instance:testrunner.CMPlusWebTestRunner@491cc5c9]" name="runScenario" class="io.cucumber.testng.AbstractTestNGCucumberTests"/>
      </group> <!-- cucumber -->
    </groups>
    <test name="Chrome Test" duration-ms="12197" started-at="2022-08-10T09:36:55 ICT" finished-at="2022-08-10T09:37:07 ICT">
      <class name="testrunner.CMPlusWebTestRunner">
        <test-method status="PASS" signature="setUpClass()[pri:0, instance:testrunner.CMPlusWebTestRunner@491cc5c9]" name="setUpClass" is-config="true" duration-ms="506" started-at="2022-08-10T09:36:55 ICT" finished-at="2022-08-10T09:36:55 ICT">
          <reporter-output>
          </reporter-output>
        </test-method> <!-- setUpClass -->
        <test-method status="PASS" signature="setUpClass(org.testng.ITestContext)[pri:0, instance:testrunner.CMPlusWebTestRunner@491cc5c9]" name="setUpClass" is-config="true" duration-ms="47" started-at="2022-08-10T09:36:55 ICT" finished-at="2022-08-10T09:36:55 ICT">
          <params>
            <param index="0">
              <value>
                <![CDATA[org.testng.TestRunner@38364841]]>
              </value>
            </param>
          </params>
          <reporter-output>
          </reporter-output>
        </test-method> <!-- setUpClass -->
        <test-method status="PASS" signature="runScenario(io.cucumber.testng.PickleWrapper,io.cucumber.testng.FeatureWrapper)[pri:0, instance:testrunner.CMPlusWebTestRunner@491cc5c9]" name="runScenario" duration-ms="11253" started-at="2022-08-10T09:36:55 ICT" description="Runs Cucumber Scenarios" data-provider="scenarios" finished-at="2022-08-10T09:37:06 ICT">
          <params>
            <param index="0">
              <value>
                <![CDATA["Check Demo Page screen"]]>
              </value>
            </param>
            <param index="1">
              <value>
                <![CDATA["Optional[Check Demo screen]"]]>
              </value>
            </param>
          </params>
          <reporter-output>
          </reporter-output>
        </test-method> <!-- runScenario -->
        <test-method status="PASS" signature="tearDownClass()[pri:0, instance:testrunner.CMPlusWebTestRunner@491cc5c9]" name="tearDownClass" is-config="true" duration-ms="339" started-at="2022-08-10T09:37:06 ICT" finished-at="2022-08-10T09:37:07 ICT">
          <reporter-output>
          </reporter-output>
        </test-method> <!-- tearDownClass -->
      </class> <!-- testrunner.CMPlusWebTestRunner -->
    </test> <!-- Chrome Test -->
  </suite> <!-- Suite default -->
</testng-results>
