<?xml version="1.0" encoding="UTF-8"?>
<testsuite xmlns:xsi="http://www.w3.org/2001/XMLSchema-instance" xsi:noNamespaceSchemaLocation="https://maven.apache.org/surefire/maven-surefire-plugin/xsd/surefire-test-report-3.0.xsd" version="3.0" name="TestSuite" time="18.422" tests="1" errors="0" skipped="0" failures="0">
  <properties>
[...]
</properties>
  <testcase name="runScenario[&quot;Check Demo Page screen&quot;, &quot;Optional[Check Demo screen]&quot;](1)" classname="testrunner.CMPlusWebTestRunner" time="15.303">
    <system-out><![CDATA[Start driver from xml test suite
DesiredCapabilities: headless: false
DesiredCapabilities: browserName: chrome
 
Local Operating System: MAC OS X
Local Architecture: x86_64
Selected Browser: chrome
Selected server: http://118.69.61.190:4445
 

@DemoTest
Scenario: Check Demo Page screen             # src/test/resources/features/DemoTest.feature:4
  When Open Demo Page screen                 # stepdefs.DemoDefinitions.<init>(DemoDefinitions.kt:13)
  Then Move to Demo page screen successfully # stepdefs.DemoDefinitions.<init>(DemoDefinitions.kt:16)
]]></system-out>
    <system-err><![CDATA[Aug 12, 2022 5:00:27 PM org.openqa.selenium.remote.ProtocolHandshake createSession
INFO: Detected dialect: W3C
]]></system-err>
  </testcase>
</testsuite>